2026-03-10T18:04:02+00:00 DEBUG #3853 - [New Request] GET /elencowebsite/wp-admin/admin.php
2026-03-10T18:04:02+00:00 DEBUG #3853 - GET https://api.woocommerce.com/integrations/ppc/v1/customer/partners/K8SKZ36LQBWXJ/merchant-integrations/
Response: Array
(
    [code] => 404
    [message] => Not Found
)

Response Body: {"statusCode":404,"error":"Not Found","message":"Not Found"}

2026-03-10T18:04:02+00:00 WARNING #3853 - [Error] Not Found CONTEXT: {"args":{"method":"GET","headers":{"Authorization":"Bearer token","Content-Type":"application/json"}},"response":{"headers":{},"body":"{"statusCode":404,"error":"Not Found","message":"Not Found"}","response":{"code":404,"message":"Not Found"},"cookies":[],"filename":null,"http_response":{"data":null,"headers":null,"status":null}}}
2026-03-10T18:04:32+00:00 DEBUG #2140 - [New Request] GET /elencowebsite/wp-json/wc/v3/wc_paypal/webhooks
2026-03-10T18:04:32+00:00 DEBUG #2140 - GET https://api.woocommerce.com/integrations/ppc/v1/notifications/webhooks
Response: Array
(
    [code] => 404
    [message] => Not Found
)

Response Body: {"statusCode":404,"error":"Not Found","message":"Not Found"}

2026-03-10T18:05:35+00:00 DEBUG #5457 - [New Request] POST /elencowebsite/wp-json/wc/v3/wc_paypal/login_link
2026-03-10T18:05:35+00:00 INFO #5457 - Generating onboarding URL for: production-advanced_vaulting-express_checkout-
2026-03-10T18:05:36+00:00 DEBUG #5457 - POST https://api.woocommerce.com/integrations/ppc/v2/customer/partner-referrals
Request Body: {"partner_config_override":{"return_url":"http:\/\/localhost:8080\/elencowebsite\/wp-admin\/admin.php?page=wc-settings&tab=checkout&section=ppcp-gateway&ppcpToken=eyJrIjoicHJvZHVjdGlvbi1hZHZhbmNlZF92YXVsdGluZy1leHByZXNzX2NoZWNrb3V0LSIsInUiOjEsImgiOiIzODZkMzc4YjY4ZWE4MzFjNjVjMjA2MWUwYzVhMTZkZCJ9","return_url_description":"Return to your shop.","show_add_credit_card":false},"products":["PPCP","ADVANCED_VAULTING"],"capabilities":["PAYPAL_WALLET_VAULTING_ADVANCED"],"legal_consents":[{"type":"SHARE_DATA_CONSENT","granted":true}],"operations":[{"operation":"API_INTEGRATION","api_integration_preference":{"rest_api_integration":{"integration_method":"PAYPAL","integration_type":"FIRST_PARTY","first_party_details":{"features":["PAYMENT","REFUND","ADVANCED_TRANSACTIONS_SEARCH","TRACKING_SHIPMENT_READWRITE","BILLING_AGREEMENT"],"seller_nonce":"a1233wtergfsdt4365tzrshgfbaewa36AGa1233wtergfsdt4365tzrshgfbaewa36AG"}}}}]}
Response Debug ID: 6c787a69cc347
Response: Array
(
    [code] => 201
    [message] => Created
)


2026-03-10T18:05:50+00:00 DEBUG #4197 - [New Request] POST /elencowebsite/wp-json/wc/v3/wc_paypal/login_link
2026-03-10T18:05:50+00:00 DEBUG #4197 - Loaded onboarding URL from cache: production-advanced_vaulting-express_checkout-
2026-03-10T18:05:50+00:00 INFO #4197 - Using cached onboarding URL for: production-advanced_vaulting-express_checkout-
2026-03-10T18:06:24+00:00 DEBUG #6730 - [New Request] GET /elencowebsite/wp-json/wc/v3/wc_paypal/webhooks
2026-03-10T18:06:24+00:00 DEBUG #6730 - GET https://api.woocommerce.com/integrations/ppc/v1/notifications/webhooks
Response: Array
(
    [code] => 404
    [message] => Not Found
)

Response Body: {"statusCode":404,"error":"Not Found","message":"Not Found"}

2026-03-10T18:06:34+00:00 DEBUG #2195 - [New Request] POST /elencowebsite/wp-json/wc/v3/wc_paypal/login_link
2026-03-10T18:06:34+00:00 DEBUG #2195 - Loaded onboarding URL from cache: production-advanced_vaulting-express_checkout-
2026-03-10T18:06:34+00:00 INFO #2195 - Using cached onboarding URL for: production-advanced_vaulting-express_checkout-
