2026-03-13T10:07:45+00:00 DEBUG #4330 - [New Request] GET /elencowebsite/wp-admin/admin.php
2026-03-13T10:07:45+00:00 DEBUG #4330 - GET https://api.woocommerce.com/integrations/ppc/v1/customer/partners/K8SKZ36LQBWXJ/merchant-integrations/
Response: Array
(
    [code] => 404
    [message] => Not Found
)

Response Body: {"statusCode":404,"error":"Not Found","message":"Not Found"}

2026-03-13T10:07:45+00:00 WARNING #4330 - [Error] Not Found CONTEXT: {"args":{"method":"GET","headers":{"Authorization":"Bearer token","Content-Type":"application/json"}},"response":{"headers":{},"body":"{"statusCode":404,"error":"Not Found","message":"Not Found"}","response":{"code":404,"message":"Not Found"},"cookies":[],"filename":null,"http_response":{"data":null,"headers":null,"status":null}}}
2026-03-13T10:08:03+00:00 DEBUG #8063 - [New Request] GET /elencowebsite/wp-json/wc/v3/wc_paypal/webhooks
2026-03-13T10:08:03+00:00 DEBUG #8063 - GET https://api.woocommerce.com/integrations/ppc/v1/notifications/webhooks
Response: Array
(
    [code] => 404
    [message] => Not Found
)

Response Body: {"statusCode":404,"error":"Not Found","message":"Not Found"}

2026-03-13T10:08:08+00:00 DEBUG #1314 - [New Request] POST /elencowebsite/wp-json/wc/v3/wc_paypal/login_link
2026-03-13T10:08:08+00:00 DEBUG #1314 - Loaded onboarding URL from cache: production-advanced_vaulting-express_checkout-
2026-03-13T10:08:08+00:00 INFO #1314 - Using cached onboarding URL for: production-advanced_vaulting-express_checkout-
2026-03-13T10:08:16+00:00 DEBUG #1162 - [New Request] POST /elencowebsite/wp-json/wc/v3/wc_paypal/login_link
2026-03-13T10:08:16+00:00 DEBUG #1162 - Loaded onboarding URL from cache: production-advanced_vaulting-express_checkout-
2026-03-13T10:08:16+00:00 INFO #1162 - Using cached onboarding URL for: production-advanced_vaulting-express_checkout-
2026-03-13T10:08:16+00:00 DEBUG #4443 - [New Request] POST /elencowebsite/wp-json/wc/v3/wc_paypal/login_link
2026-03-13T10:08:16+00:00 DEBUG #4443 - Loaded onboarding URL from cache: production-advanced_vaulting-express_checkout-
2026-03-13T10:08:16+00:00 INFO #4443 - Using cached onboarding URL for: production-advanced_vaulting-express_checkout-
2026-03-13T10:37:38+00:00 DEBUG #3563 - [New Request] GET /elencowebsite/wp-json/wc/v3/wc_paypal/webhooks
2026-03-13T10:37:38+00:00 DEBUG #3563 - GET https://api.woocommerce.com/integrations/ppc/v1/notifications/webhooks
Response: Array
(
    [code] => 404
    [message] => Not Found
)

Response Body: {"statusCode":404,"error":"Not Found","message":"Not Found"}

2026-03-13T10:37:43+00:00 DEBUG #2650 - [New Request] POST /elencowebsite/wp-json/wc/v3/wc_paypal/login_link
2026-03-13T10:37:43+00:00 DEBUG #2650 - Loaded onboarding URL from cache: production-advanced_vaulting-express_checkout-
2026-03-13T10:37:43+00:00 INFO #2650 - Using cached onboarding URL for: production-advanced_vaulting-express_checkout-
2026-03-13T10:37:50+00:00 DEBUG #5789 - [New Request] POST /elencowebsite/wp-json/wc/v3/wc_paypal/login_link
2026-03-13T10:37:50+00:00 DEBUG #5789 - Loaded onboarding URL from cache: production-advanced_vaulting-express_checkout-
2026-03-13T10:37:50+00:00 DEBUG #8982 - [New Request] POST /elencowebsite/wp-json/wc/v3/wc_paypal/login_link
2026-03-13T10:37:50+00:00 INFO #5789 - Using cached onboarding URL for: production-advanced_vaulting-express_checkout-
2026-03-13T10:37:50+00:00 DEBUG #8982 - Loaded onboarding URL from cache: production-advanced_vaulting-express_checkout-
2026-03-13T10:37:50+00:00 INFO #8982 - Using cached onboarding URL for: production-advanced_vaulting-express_checkout-
2026-03-13T10:39:59+00:00 DEBUG #3392 - [New Request] GET /elencowebsite/wp-json/wc/v3/wc_paypal/webhooks
2026-03-13T10:39:59+00:00 DEBUG #3392 - GET https://api.woocommerce.com/integrations/ppc/v1/notifications/webhooks
Response: Array
(
    [code] => 404
    [message] => Not Found
)

Response Body: {"statusCode":404,"error":"Not Found","message":"Not Found"}

2026-03-13T10:40:08+00:00 DEBUG #6636 - [New Request] POST /elencowebsite/wp-json/wc/v3/wc_paypal/login_link
2026-03-13T10:40:08+00:00 DEBUG #6636 - Loaded onboarding URL from cache: production-advanced_vaulting-express_checkout-
2026-03-13T10:40:08+00:00 INFO #6636 - Using cached onboarding URL for: production-advanced_vaulting-express_checkout-
2026-03-13T10:40:22+00:00 DEBUG #9013 - [New Request] POST /elencowebsite/wp-json/wc/v3/wc_paypal/login_link
2026-03-13T10:40:22+00:00 DEBUG #8078 - [New Request] POST /elencowebsite/wp-json/wc/v3/wc_paypal/login_link
2026-03-13T10:40:22+00:00 DEBUG #9013 - Loaded onboarding URL from cache: production-advanced_vaulting-express_checkout-
2026-03-13T10:40:22+00:00 DEBUG #8078 - Loaded onboarding URL from cache: production-advanced_vaulting-express_checkout-
2026-03-13T10:40:22+00:00 INFO #9013 - Using cached onboarding URL for: production-advanced_vaulting-express_checkout-
2026-03-13T10:40:22+00:00 INFO #8078 - Using cached onboarding URL for: production-advanced_vaulting-express_checkout-
